================================================================================
任务ID: edit_e3475b1e
开始时间: 2026-01-11T16:41:24.140253
================================================================================

[2026-01-11 16:41:24] [INFO] ============================================================
[2026-01-11 16:41:24] [INFO] 🎨 开始处理编辑任务: edit_e3475b1e
[2026-01-11 16:41:24] [INFO]    用户ID: 2
[2026-01-11 16:41:24] [INFO]    海报ID: 02
[2026-01-11 16:41:24] [INFO]    编辑类型: full
[2026-01-11 16:41:24] [INFO]    提示词: 删除所有文字...
[2026-01-11 16:41:24] [INFO] ============================================================
[2026-01-11 16:41:24] [INFO]    ✓ 初始化版本历史: 02-prime.png
[2026-01-11 16:41:24] [INFO] 
📁 阶段1: 准备输入文件
[2026-01-11 16:41:24] [INFO]    ✓ 源图片已从 API URL 获取
[2026-01-11 16:41:24] [INFO]    ✓ 源图片已保存
[2026-01-11 16:41:24] [INFO] 
🎨 阶段2: 调用AI生成图片
[2026-01-11 16:41:44] [INFO]    ✓ 图片已生成: /Users/plini/Documents/项目/17、电商广告生成/V0.13/data/outputs/2/session_20260111163928_n98z/02_v01.png
[2026-01-11 16:41:44] [INFO] 
💾 阶段3: 保存版本历史
[2026-01-11 16:41:44] [INFO]    ✓ 版本已保存: v02
[2026-01-11 16:41:44] [INFO] 
🎉 编辑任务完成!
[2026-01-11 16:41:44] [INFO]    新版本: v02

================================================================================
结束时间: 2026-01-11T16:41:44.282469
================================================================================
