================================================================================
任务ID: edit_b368ead6
开始时间: 2026-01-11T17:22:48.097827
================================================================================

[2026-01-11 17:22:48] [INFO] ============================================================
[2026-01-11 17:22:48] [INFO] 🎨 开始处理编辑任务: edit_b368ead6
[2026-01-11 17:22:48] [INFO]    用户ID: 3
[2026-01-11 17:22:48] [INFO]    海报ID: 01
[2026-01-11 17:22:48] [INFO]    编辑类型: full
[2026-01-11 17:22:48] [INFO]    提示词: 我希望变成晚上...
[2026-01-11 17:22:48] [INFO] ============================================================
[2026-01-11 17:22:48] [INFO]    ✓ 初始化版本历史: 01-prime.jpg
[2026-01-11 17:22:48] [INFO] 
📁 阶段1: 准备输入文件
[2026-01-11 17:22:48] [INFO]    ✓ 源图片已从 API URL 获取
[2026-01-11 17:22:48] [INFO]    ✓ 源图片已保存
[2026-01-11 17:22:48] [INFO] 
🎨 阶段2: 调用AI生成图片
[2026-01-11 17:24:18] [INFO]    ✓ 图片已生成: /Users/plini/Documents/项目/17、电商广告生成/V0.13/data/outputs/3/session_20260111171804_wqu2/01_v01.jpg
[2026-01-11 17:24:18] [INFO] 
💾 阶段3: 保存版本历史
[2026-01-11 17:24:18] [INFO]    ✓ 版本已保存: v02
[2026-01-11 17:24:18] [INFO] 
🎉 编辑任务完成!
[2026-01-11 17:24:18] [INFO]    新版本: v02

================================================================================
结束时间: 2026-01-11T17:24:18.973422
================================================================================
