================================================================================
任务ID: edit_f298371d
开始时间: 2026-01-12T09:47:09.716554
================================================================================

[2026-01-12 09:47:09] [INFO] ============================================================
[2026-01-12 09:47:09] [INFO] 🎨 开始处理编辑任务: edit_f298371d
[2026-01-12 09:47:09] [INFO]    用户ID: 2
[2026-01-12 09:47:09] [INFO]    海报ID: 02
[2026-01-12 09:47:09] [INFO]    编辑类型: partial
[2026-01-12 09:47:09] [INFO]    提示词: 这半部分的墨水改成金色的墨水...
[2026-01-12 09:47:09] [INFO] ============================================================
[2026-01-12 09:47:09] [INFO]    ✓ 初始化版本历史: 02-prime.png
[2026-01-12 09:47:09] [INFO] 
📁 阶段1: 准备输入文件
[2026-01-12 09:47:09] [INFO]    ✓ 源图片已保存
[2026-01-12 09:47:09] [INFO]    ✓ 原图已从 API URL 获取
[2026-01-12 09:47:09] [INFO]    ✓ 原图已保存
[2026-01-12 09:47:09] [INFO] 
🎨 阶段2: 调用AI生成图片
[2026-01-12 09:47:38] [INFO]    ✓ 图片已生成: /Users/plini/Documents/项目/17、电商广告生成/V0.13/data/outputs/2/session_20260112094446_gucq/02_v01.png
[2026-01-12 09:47:38] [INFO] 
💾 阶段3: 保存版本历史
[2026-01-12 09:47:38] [INFO]    ✓ 版本已保存: v02
[2026-01-12 09:47:38] [INFO] 
🎉 编辑任务完成!
[2026-01-12 09:47:38] [INFO]    新版本: v02

================================================================================
结束时间: 2026-01-12T09:47:38.441326
================================================================================
