================================================================================
任务ID: edit_af6ca605
开始时间: 2026-01-11T17:06:13.613667
================================================================================

[2026-01-11 17:06:13] [INFO] ============================================================
[2026-01-11 17:06:13] [INFO] 🎨 开始处理编辑任务: edit_af6ca605
[2026-01-11 17:06:13] [INFO]    用户ID: 2
[2026-01-11 17:06:13] [INFO]    海报ID: 01
[2026-01-11 17:06:13] [INFO]    编辑类型: partial
[2026-01-11 17:06:13] [INFO]    提示词: 删除桌子上这个花瓶...
[2026-01-11 17:06:13] [INFO] ============================================================
[2026-01-11 17:06:13] [INFO]    ✓ 初始化版本历史: 01-prime.png
[2026-01-11 17:06:13] [INFO] 
📁 阶段1: 准备输入文件
[2026-01-11 17:06:13] [INFO]    ✓ 源图片已保存
[2026-01-11 17:06:13] [INFO]    ✓ 原图已从 API URL 获取
[2026-01-11 17:06:13] [INFO]    ✓ 原图已保存
[2026-01-11 17:06:13] [INFO] 
🎨 阶段2: 调用AI生成图片
[2026-01-11 17:11:14] [INFO] 
❌ 编辑任务失败: 请求超时（300秒）
[2026-01-11 17:11:14] [INFO] Traceback (most recent call last):
  File "/Users/plini/Documents/项目/17、电商广告生成/V0.13/server.py", line 1088, in process_edit_task
    raise Exception(result.get("error", "生成失败"))
Exception: 请求超时（300秒）


================================================================================
结束时间: 2026-01-11T17:11:14.018876
================================================================================
