================================================================================
任务ID: edit_b71c38fd
开始时间: 2026-01-11T14:43:21.378249
================================================================================

[2026-01-11 14:43:21] [INFO] ============================================================
[2026-01-11 14:43:21] [INFO] 🎨 开始处理编辑任务: edit_b71c38fd
[2026-01-11 14:43:21] [INFO]    用户ID: test_1768113597217
[2026-01-11 14:43:21] [INFO]    海报ID: 00
[2026-01-11 14:43:21] [INFO]    编辑类型: partial
[2026-01-11 14:43:21] [INFO]    提示词: 这部分改成我上传的咖啡产品...
[2026-01-11 14:43:21] [INFO] ============================================================
[2026-01-11 14:43:21] [INFO] 
📁 阶段1: 准备输入文件
[2026-01-11 14:43:21] [INFO]    ✓ 源图片已保存
[2026-01-11 14:43:21] [INFO]    ✓ 原图已从版本 v01 获取
[2026-01-11 14:43:21] [INFO]    ✓ 原图已保存
[2026-01-11 14:43:21] [INFO]    ✓ 参考图片已保存
[2026-01-11 14:43:21] [INFO] 
🎨 阶段2: 调用AI生成图片
[2026-01-11 14:43:51] [INFO]    ✓ 图片已生成: /Users/plini/Documents/项目/17、电商广告生成/V0.13/data/outputs/test_1768113597217/session_test/00_v02.png
[2026-01-11 14:43:51] [INFO] 
💾 阶段3: 保存版本历史
[2026-01-11 14:43:51] [INFO]    ✓ 版本已保存: v02
[2026-01-11 14:43:51] [INFO] 
🎉 编辑任务完成!
[2026-01-11 14:43:51] [INFO]    新版本: v02

================================================================================
结束时间: 2026-01-11T14:43:51.049080
================================================================================
