================================================================================
任务ID: edit_f8330b0f
开始时间: 2026-01-11T16:16:46.196246
================================================================================

[2026-01-11 16:16:46] [INFO] ============================================================
[2026-01-11 16:16:46] [INFO] 🎨 开始处理编辑任务: edit_f8330b0f
[2026-01-11 16:16:46] [INFO]    用户ID: 2
[2026-01-11 16:16:46] [INFO]    海报ID: 00
[2026-01-11 16:16:46] [INFO]    编辑类型: partial
[2026-01-11 16:16:46] [INFO]    提示词: 圈中的文字删除...
[2026-01-11 16:16:46] [INFO] ============================================================
[2026-01-11 16:16:46] [INFO]    ✓ 初始化版本历史: 00-prime.png
[2026-01-11 16:16:46] [INFO] 
📁 阶段1: 准备输入文件
[2026-01-11 16:16:46] [INFO]    ✓ 源图片已保存
[2026-01-11 16:16:46] [INFO]    ✓ 原图已从 API URL 获取
[2026-01-11 16:16:46] [INFO]    ✓ 原图已保存
[2026-01-11 16:16:46] [INFO] 
🎨 阶段2: 调用AI生成图片
[2026-01-11 16:17:09] [INFO]    ✓ 图片已生成: /Users/plini/Documents/项目/17、电商广告生成/V0.13/data/outputs/2/session_20260111161437_jhq3/00_v01.png
[2026-01-11 16:17:09] [INFO] 
💾 阶段3: 保存版本历史
[2026-01-11 16:17:09] [INFO]    ✓ 版本已保存: v02
[2026-01-11 16:17:09] [INFO] 
🎉 编辑任务完成!
[2026-01-11 16:17:09] [INFO]    新版本: v02

================================================================================
结束时间: 2026-01-11T16:17:09.414855
================================================================================
