================================================================================
任务ID: edit_7722a72e
开始时间: 2026-01-11T15:11:50.417539
================================================================================

[2026-01-11 15:11:50] [INFO] ============================================================
[2026-01-11 15:11:50] [INFO] 🎨 开始处理编辑任务: edit_7722a72e
[2026-01-11 15:11:50] [INFO]    用户ID: u1768115347308
[2026-01-11 15:11:50] [INFO]    海报ID: 01
[2026-01-11 15:11:50] [INFO]    编辑类型: partial
[2026-01-11 15:11:50] [INFO]    提示词: 桌子上的这个花删除掉...
[2026-01-11 15:11:50] [INFO] ============================================================
[2026-01-11 15:11:50] [INFO]    ✓ 初始化版本历史: 01-prime.png
[2026-01-11 15:11:50] [INFO] 
📁 阶段1: 准备输入文件
[2026-01-11 15:11:50] [INFO]    ✓ 源图片已保存
[2026-01-11 15:11:50] [INFO]    ✓ 原图已从 API URL 获取
[2026-01-11 15:11:50] [INFO]    ✓ 原图已保存
[2026-01-11 15:11:50] [INFO] 
🎨 阶段2: 调用AI生成图片
[2026-01-11 15:12:19] [INFO]    ✓ 图片已生成: /Users/plini/Documents/项目/17、电商广告生成/V0.13/data/outputs/u1768115347308/session_20260111150921_8lbi/01_v01.png
[2026-01-11 15:12:19] [INFO] 
💾 阶段3: 保存版本历史
[2026-01-11 15:12:19] [INFO]    ✓ 版本已保存: v02
[2026-01-11 15:12:19] [INFO] 
🎉 编辑任务完成!
[2026-01-11 15:12:19] [INFO]    新版本: v02

================================================================================
结束时间: 2026-01-11T15:12:19.817243
================================================================================
