================================================================================
任务ID: edit_7eefe56e
开始时间: 2026-01-12T18:27:05.910711
================================================================================

[2026-01-12 18:27:05] [INFO] ============================================================
[2026-01-12 18:27:05] [INFO] 🎨 开始处理编辑任务: edit_7eefe56e
[2026-01-12 18:27:05] [INFO]    用户ID: 2
[2026-01-12 18:27:05] [INFO]    海报ID: 00
[2026-01-12 18:27:05] [INFO]    编辑类型: full
[2026-01-12 18:27:05] [INFO]    提示词: 图片背景换成白色的吧...
[2026-01-12 18:27:05] [INFO] ============================================================
[2026-01-12 18:27:05] [INFO] 
💰 积分处理: 需要冻结 4 积分
[2026-01-12 18:27:05] [INFO]    ✓ 积分已冻结: 4
[2026-01-12 18:27:05] [INFO] 
📁 阶段1: 准备输入文件
[2026-01-12 18:27:05] [INFO]    ✓ 源图片已从 API URL 获取
[2026-01-12 18:27:05] [INFO]    ✓ 源图片已保存
[2026-01-12 18:27:05] [INFO] 
🎨 阶段2: 调用AI生成图片
[2026-01-12 18:27:38] [INFO]    ✓ 图片已生成: /Users/plini/Documents/项目/17、电商广告生成/V0.13/data/outputs/2/session_20260112182053_jgu7/00_v02.png
[2026-01-12 18:27:38] [INFO] 
💾 阶段3: 保存版本历史
[2026-01-12 18:27:38] [INFO]    ✓ 版本已保存: v02
[2026-01-12 18:27:38] [INFO]    💰 已扣除4积分
[2026-01-12 18:27:38] [INFO] 
🎉 编辑任务完成!
[2026-01-12 18:27:38] [INFO]    新版本: v02

================================================================================
结束时间: 2026-01-12T18:27:38.975494
================================================================================
