================================================================================
任务ID: edit_5431b3e0
开始时间: 2026-01-11T14:56:02.934414
================================================================================

[2026-01-11 14:56:02] [INFO] ============================================================
[2026-01-11 14:56:02] [INFO] 🎨 开始处理编辑任务: edit_5431b3e0
[2026-01-11 14:56:02] [INFO]    用户ID: u1768114262301
[2026-01-11 14:56:02] [INFO]    海报ID: 01
[2026-01-11 14:56:02] [INFO]    编辑类型: full
[2026-01-11 14:56:02] [INFO]    提示词: 居家的场景改为商场吧...
[2026-01-11 14:56:02] [INFO] ============================================================
[2026-01-11 14:56:02] [INFO]    ✓ 初始化版本历史: 01-prime.png
[2026-01-11 14:56:02] [INFO] 
📁 阶段1: 准备输入文件
[2026-01-11 14:56:02] [INFO]    ✓ 源图片已从 API URL 获取
[2026-01-11 14:56:02] [INFO]    ✓ 源图片已保存
[2026-01-11 14:56:02] [INFO] 
🎨 阶段2: 调用AI生成图片
[2026-01-11 14:56:23] [INFO]    ✓ 图片已生成: /Users/plini/Documents/项目/17、电商广告生成/V0.13/data/outputs/u1768114262301/session_20260111145104_0tcv/01_v01.png
[2026-01-11 14:56:23] [INFO] 
💾 阶段3: 保存版本历史
[2026-01-11 14:56:23] [INFO]    ✓ 版本已保存: v02
[2026-01-11 14:56:23] [INFO] 
🎉 编辑任务完成!
[2026-01-11 14:56:23] [INFO]    新版本: v02

================================================================================
结束时间: 2026-01-11T14:56:23.887966
================================================================================
