================================================================================
任务ID: edit_12ab3eab
开始时间: 2026-01-11T16:43:02.993484
================================================================================

[2026-01-11 16:43:02] [INFO] ============================================================
[2026-01-11 16:43:02] [INFO] 🎨 开始处理编辑任务: edit_12ab3eab
[2026-01-11 16:43:02] [INFO]    用户ID: 2
[2026-01-11 16:43:02] [INFO]    海报ID: 02
[2026-01-11 16:43:02] [INFO]    编辑类型: partial
[2026-01-11 16:43:02] [INFO]    提示词: 删除这个钱币...
[2026-01-11 16:43:02] [INFO] ============================================================
[2026-01-11 16:43:02] [INFO] 
📁 阶段1: 准备输入文件
[2026-01-11 16:43:03] [INFO]    ✓ 源图片已保存
[2026-01-11 16:43:03] [INFO]    ✓ 原图已从 API URL 获取
[2026-01-11 16:43:03] [INFO]    ✓ 原图已保存
[2026-01-11 16:43:03] [INFO] 
🎨 阶段2: 调用AI生成图片
[2026-01-11 16:43:26] [INFO]    ✓ 图片已生成: /Users/plini/Documents/项目/17、电商广告生成/V0.13/data/outputs/2/session_20260111163928_n98z/02_v03.png
[2026-01-11 16:43:26] [INFO] 
💾 阶段3: 保存版本历史
[2026-01-11 16:43:26] [INFO]    ✓ 版本已保存: v03
[2026-01-11 16:43:26] [INFO] 
🎉 编辑任务完成!
[2026-01-11 16:43:26] [INFO]    新版本: v03

================================================================================
结束时间: 2026-01-11T16:43:26.933984
================================================================================
