================================================================================
任务ID: edit_312de80d
开始时间: 2026-01-12T18:41:38.597536
================================================================================

[2026-01-12 18:41:38] [INFO] ============================================================
[2026-01-12 18:41:38] [INFO] 🎨 开始处理编辑任务: edit_312de80d
[2026-01-12 18:41:38] [INFO]    用户ID: 2
[2026-01-12 18:41:38] [INFO]    海报ID: 00
[2026-01-12 18:41:38] [INFO]    编辑类型: full
[2026-01-12 18:41:38] [INFO]    提示词: 改为白天...
[2026-01-12 18:41:38] [INFO] ============================================================
[2026-01-12 18:41:38] [INFO] 
💰 积分处理: 需要冻结 4 积分
[2026-01-12 18:41:38] [INFO]    ✓ 积分已冻结: 4
[2026-01-12 18:41:38] [INFO]    ✓ 初始化版本历史: 00-prime.png
[2026-01-12 18:41:38] [INFO] 
📁 阶段1: 准备输入文件
[2026-01-12 18:41:38] [INFO]    ✓ 源图片已从 API URL 获取
[2026-01-12 18:41:38] [INFO]    ✓ 源图片已保存
[2026-01-12 18:41:38] [INFO] 
🎨 阶段2: 调用AI生成图片
[2026-01-12 18:42:00] [INFO]    ✓ 图片已生成: /Users/plini/Documents/项目/17、电商广告生成/V1/data/outputs/2/session_20260112183721_ico0/00_v01.png
[2026-01-12 18:42:00] [INFO] 
💾 阶段3: 保存版本历史
[2026-01-12 18:42:00] [INFO]    ✓ 版本已保存: v02
[2026-01-12 18:42:00] [INFO]    💰 已扣除4积分
[2026-01-12 18:42:00] [INFO] 
🎉 编辑任务完成!
[2026-01-12 18:42:00] [INFO]    新版本: v02

================================================================================
结束时间: 2026-01-12T18:42:00.622051
================================================================================
