================================================================================
任务ID: edit_b52e3934
开始时间: 2026-01-11T17:25:41.765537
================================================================================

[2026-01-11 17:25:41] [INFO] ============================================================
[2026-01-11 17:25:41] [INFO] 🎨 开始处理编辑任务: edit_b52e3934
[2026-01-11 17:25:41] [INFO]    用户ID: 3
[2026-01-11 17:25:41] [INFO]    海报ID: 01
[2026-01-11 17:25:41] [INFO]    编辑类型: partial
[2026-01-11 17:25:41] [INFO]    提示词: 圈中的地方改为台灯，然后放一个咖啡杯。...
[2026-01-11 17:25:41] [INFO] ============================================================
[2026-01-11 17:25:41] [INFO] 
📁 阶段1: 准备输入文件
[2026-01-11 17:25:41] [INFO]    ✓ 源图片已保存
[2026-01-11 17:25:41] [INFO]    ✓ 原图已从 API URL 获取
[2026-01-11 17:25:41] [INFO]    ✓ 原图已保存
[2026-01-11 17:25:41] [INFO] 
🎨 阶段2: 调用AI生成图片
[2026-01-11 17:27:29] [INFO]    ✓ 图片已生成: /Users/plini/Documents/项目/17、电商广告生成/V0.13/data/outputs/3/session_20260111171804_wqu2/01_v03.jpg
[2026-01-11 17:27:29] [INFO] 
💾 阶段3: 保存版本历史
[2026-01-11 17:27:29] [INFO]    ✓ 版本已保存: v03
[2026-01-11 17:27:29] [INFO] 
🎉 编辑任务完成!
[2026-01-11 17:27:29] [INFO]    新版本: v03

================================================================================
结束时间: 2026-01-11T17:27:29.329657
================================================================================
