================================================================================
任务ID: edit_b4c8db10
开始时间: 2026-01-12T18:24:56.641662
================================================================================

[2026-01-12 18:24:56] [INFO] ============================================================
[2026-01-12 18:24:56] [INFO] 🎨 开始处理编辑任务: edit_b4c8db10
[2026-01-12 18:24:56] [INFO]    用户ID: 2
[2026-01-12 18:24:56] [INFO]    海报ID: 00
[2026-01-12 18:24:56] [INFO]    编辑类型: full
[2026-01-12 18:24:56] [INFO]    提示词: 改成白色的背景...
[2026-01-12 18:24:56] [INFO] ============================================================
[2026-01-12 18:24:56] [INFO] 
💰 积分处理: 需要冻结 4 积分
[2026-01-12 18:24:56] [INFO]    ✓ 积分已冻结: 4
[2026-01-12 18:24:56] [INFO]    ✓ 初始化版本历史: 00-prime.png
[2026-01-12 18:24:56] [INFO] 
📁 阶段1: 准备输入文件
[2026-01-12 18:24:56] [INFO]    ✓ 源图片已从 API URL 获取
[2026-01-12 18:24:56] [INFO]    ✓ 源图片已保存
[2026-01-12 18:24:56] [INFO] 
🎨 阶段2: 调用AI生成图片

================================================================================
结束时间: 2026-01-12T18:26:45.223944
================================================================================
