================================================================================
任务ID: edit_eabec21e
开始时间: 2026-01-12T13:09:56.252966
================================================================================

[2026-01-12 13:09:56] [INFO] ============================================================
[2026-01-12 13:09:56] [INFO] 🎨 开始处理编辑任务: edit_eabec21e
[2026-01-12 13:09:56] [INFO]    用户ID: 2
[2026-01-12 13:09:56] [INFO]    海报ID: 02
[2026-01-12 13:09:56] [INFO]    编辑类型: full
[2026-01-12 13:09:56] [INFO]    提示词: 改为黑金配色，底色换为黑色...
[2026-01-12 13:09:56] [INFO] ============================================================
[2026-01-12 13:09:56] [INFO] 
💰 积分处理: 需要冻结 4 积分
[2026-01-12 13:09:56] [INFO]    ✓ 积分已冻结: 4
[2026-01-12 13:09:56] [INFO] 
📁 阶段1: 准备输入文件
[2026-01-12 13:09:56] [INFO]    ✓ 源图片已从 API URL 获取
[2026-01-12 13:09:56] [INFO]    ✓ 源图片已保存
[2026-01-12 13:09:56] [INFO] 
🎨 阶段2: 调用AI生成图片
[2026-01-12 13:10:20] [INFO]    ✓ 图片已生成: /Users/plini/Documents/项目/17、电商广告生成/V0.13/data/outputs/2/session_20260112094446_gucq/02_v03.png
[2026-01-12 13:10:20] [INFO] 
💾 阶段3: 保存版本历史
[2026-01-12 13:10:20] [INFO]    ✓ 版本已保存: v03
[2026-01-12 13:10:20] [INFO]    💰 已扣除4积分
[2026-01-12 13:10:20] [INFO] 
🎉 编辑任务完成!
[2026-01-12 13:10:20] [INFO]    新版本: v03

================================================================================
结束时间: 2026-01-12T13:10:20.584322
================================================================================
