================================================================================
任务ID: edit_64719d1b
开始时间: 2026-01-11T14:24:42.812214
================================================================================

[2026-01-11 14:24:42] [INFO] ============================================================
[2026-01-11 14:24:42] [INFO] 🎨 开始处理编辑任务: edit_64719d1b
[2026-01-11 14:24:42] [INFO]    用户ID: test_1768111537989
[2026-01-11 14:24:42] [INFO]    海报ID: 00
[2026-01-11 14:24:42] [INFO]    编辑类型: full
[2026-01-11 14:24:42] [INFO]    提示词: 改成蓝色的...
[2026-01-11 14:24:42] [INFO] ============================================================
[2026-01-11 14:24:42] [INFO] 
📁 阶段1: 准备输入文件
[2026-01-11 14:24:42] [INFO]    ✓ 源图片已保存
[2026-01-11 14:24:42] [INFO] 
🎨 阶段2: 调用AI生成图片
[2026-01-11 14:25:02] [INFO]    ✓ 图片已生成: /Users/plini/Documents/项目/17、电商广告生成/V0.13/data/outputs/test_1768111537989/session_test/00_v01.png
[2026-01-11 14:25:02] [INFO] 
💾 阶段3: 保存版本历史
[2026-01-11 14:25:02] [INFO]    ✓ 版本已保存: v01
[2026-01-11 14:25:02] [INFO] 
🎉 编辑任务完成!
[2026-01-11 14:25:02] [INFO]    新版本: v01

================================================================================
结束时间: 2026-01-11T14:25:02.191011
================================================================================
