================================================================================
任务ID: edit_a0920b3f
开始时间: 2026-01-16T13:09:49.116161
================================================================================

[2026-01-16 13:09:49] [INFO] ============================================================
[2026-01-16 13:09:49] [INFO] 🎨 开始处理编辑任务: edit_a0920b3f
[2026-01-16 13:09:49] [INFO]    用户ID: 4
[2026-01-16 13:09:49] [INFO]    海报ID: 00
[2026-01-16 13:09:49] [INFO]    编辑类型: full
[2026-01-16 13:09:49] [INFO]    提示词: 改为黑色背景...
[2026-01-16 13:09:49] [INFO] ============================================================
[2026-01-16 13:09:49] [INFO] 
💰 积分处理: 需要冻结 4 积分
[2026-01-16 13:09:49] [INFO]    ✓ 积分已冻结: 4
[2026-01-16 13:09:49] [INFO] 
📁 阶段1: 准备输入文件
[2026-01-16 13:09:49] [INFO]    ✓ 源图片已从 API URL 获取
[2026-01-16 13:09:49] [INFO]    ✓ 源图片已保存
[2026-01-16 13:09:49] [INFO] 
🎨 阶段2: 调用AI生成图片
[2026-01-16 13:10:17] [INFO]    ✓ 图片已生成: /Users/plini/Documents/项目/17、电商广告生成/V1_演示版/data/outputs/4/session_20260116125150_chjj/00_v02.jpg
[2026-01-16 13:10:17] [INFO] 
💾 阶段3: 保存版本历史
[2026-01-16 13:10:17] [INFO]    ✓ 版本已保存: v02
[2026-01-16 13:10:17] [INFO]    💰 已扣除4积分
[2026-01-16 13:10:17] [INFO] 
🎉 编辑任务完成!
[2026-01-16 13:10:17] [INFO]    新版本: v02

================================================================================
结束时间: 2026-01-16T13:10:17.875953
================================================================================
