================================================================================
任务ID: d0842727
开始时间: 2026-01-11T16:45:30.333030
================================================================================

[2026-01-11 16:45:30] [INFO] ============================================================
[2026-01-11 16:45:30] [INFO] 🚀 开始处理任务: d0842727
[2026-01-11 16:45:30] [INFO]    用户ID: 2
[2026-01-11 16:45:30] [INFO]    会话ID: session_20260111164530_t9be
[2026-01-11 16:45:30] [INFO]    产品描述: 新春hellokitty...
[2026-01-11 16:45:30] [INFO]    图片数量: 1
[2026-01-11 16:45:30] [INFO] ============================================================
[2026-01-11 16:45:30] [INFO] 
📝 阶段1: 调用设计AI生成提示词
[2026-01-11 16:46:42] [INFO]    ✓ 设计输出已保存: /Users/plini/Documents/项目/17、电商广告生成/V0.13/data/designs/2/session_20260111164530_t9be/design_output_20260111_164642.txt
[2026-01-11 16:46:42] [INFO]    ✓ 输出长度: 10042 字符
[2026-01-11 16:46:42] [INFO] 
🏷️ 生成产品名称...
[2026-01-11 16:46:45] [INFO]    ✓ 产品名称: 新春凯蒂猫
[2026-01-11 16:46:45] [INFO] 
🔍 阶段2: 解析设计输出
[2026-01-11 16:46:45] [INFO]    ✓ 找到 10 个海报提示词
[2026-01-11 16:46:45] [INFO]    ✓ 提示词已保存: /Users/plini/Documents/项目/17、电商广告生成/V0.13/data/prompts/2/session_20260111164530_t9be/prompts_20260111_164645.json
[2026-01-11 16:46:45] [INFO]       - 海报01 - 主KV视觉
[2026-01-11 16:46:45] [INFO]       - 海报02 - 生活场景
[2026-01-11 16:46:45] [INFO]       - 海报03 - 概念可视化
[2026-01-11 16:46:45] [INFO]       - 海报04 - 细节特写01
[2026-01-11 16:46:45] [INFO]       - 海报05 - 细节特写02
[2026-01-11 16:46:45] [INFO]       - 海报06 - 细节特写03
[2026-01-11 16:46:45] [INFO]       - 海报07 - 用户评价/礼赠场景
[2026-01-11 16:46:45] [INFO]       - 海报08 - 品牌故事/配色灵感
[2026-01-11 16:46:45] [INFO]       - 海报09 - 产品参数
[2026-01-11 16:46:45] [INFO]       - 海报10 - 售后/注意事项
[2026-01-11 16:46:45] [INFO] 
🎨 阶段3: 批量生成海报图片（并发数: 5）
[2026-01-11 16:46:45] [INFO] 
   🎯 过滤海报（selected_posters=[0]）
[2026-01-11 16:46:45] [INFO]       海报01 - 主KV视觉: poster_index=0, 是否生成=True
[2026-01-11 16:46:45] [INFO]       海报02 - 生活场景: poster_index=1, 是否生成=False
[2026-01-11 16:46:45] [INFO]       海报03 - 概念可视化: poster_index=2, 是否生成=False
[2026-01-11 16:46:45] [INFO]       海报04 - 细节特写01: poster_index=3, 是否生成=False
[2026-01-11 16:46:45] [INFO]       海报05 - 细节特写02: poster_index=4, 是否生成=False
[2026-01-11 16:46:45] [INFO]       海报06 - 细节特写03: poster_index=5, 是否生成=False
[2026-01-11 16:46:45] [INFO]       海报07 - 用户评价/礼赠场景: poster_index=6, 是否生成=False
[2026-01-11 16:46:45] [INFO]       海报08 - 品牌故事/配色灵感: poster_index=7, 是否生成=False
[2026-01-11 16:46:45] [INFO]       海报09 - 产品参数: poster_index=8, 是否生成=False
[2026-01-11 16:46:45] [INFO]       海报10 - 售后/注意事项: poster_index=9, 是否生成=False
[2026-01-11 16:46:45] [INFO]    📋 用户选择生成: 1/10 张海报
[2026-01-11 16:46:45] [INFO]       选择序号: [0]
[2026-01-11 16:46:45] [INFO] 
   [1/1] 开始生成: 海报01 - 主KV视觉
[2026-01-11 16:48:39] [INFO]       ✗ 失败: 海报01 - 主KV视觉 - 网络请求错误: Server disconnected
[2026-01-11 16:48:39] [INFO] 
============================================================
[2026-01-11 16:48:39] [INFO] 📊 生成统计
[2026-01-11 16:48:39] [INFO]    总数: 1
[2026-01-11 16:48:39] [INFO]    成功: 0
[2026-01-11 16:48:39] [INFO]    失败: 1
[2026-01-11 16:48:39] [INFO]    摘要已保存: /Users/plini/Documents/项目/17、电商广告生成/V0.13/data/outputs/2/session_20260111164530_t9be/summary_20260111_164839.json
[2026-01-11 16:48:39] [INFO] ============================================================
[2026-01-11 16:48:39] [INFO] 
🎉 任务完成!

================================================================================
结束时间: 2026-01-11T16:48:39.096089
================================================================================
