================================================================================
任务ID: edit_ef0898c7
开始时间: 2026-01-12T18:42:38.933802
================================================================================

[2026-01-12 18:42:38] [INFO] ============================================================
[2026-01-12 18:42:38] [INFO] 🎨 开始处理编辑任务: edit_ef0898c7
[2026-01-12 18:42:38] [INFO]    用户ID: 2
[2026-01-12 18:42:38] [INFO]    海报ID: 00
[2026-01-12 18:42:38] [INFO]    编辑类型: partial
[2026-01-12 18:42:38] [INFO]    提示词: 改为一朵小花...
[2026-01-12 18:42:38] [INFO] ============================================================
[2026-01-12 18:42:38] [INFO] 
💰 积分处理: 需要冻结 4 积分
[2026-01-12 18:42:38] [INFO]    ✓ 积分已冻结: 4
[2026-01-12 18:42:38] [INFO] 
📁 阶段1: 准备输入文件
[2026-01-12 18:42:38] [INFO]    ✓ 源图片已保存
[2026-01-12 18:42:38] [INFO]    ✓ 原图已从 API URL 获取
[2026-01-12 18:42:38] [INFO]    ✓ 原图已保存
[2026-01-12 18:42:38] [INFO] 
🎨 阶段2: 调用AI生成图片
[2026-01-12 18:43:07] [INFO]    ✓ 图片已生成: /Users/plini/Documents/项目/17、电商广告生成/V1/data/outputs/2/session_20260112183721_ico0/00_v03.png
[2026-01-12 18:43:07] [INFO] 
💾 阶段3: 保存版本历史
[2026-01-12 18:43:07] [INFO]    ✓ 版本已保存: v03
[2026-01-12 18:43:07] [INFO]    💰 已扣除4积分
[2026-01-12 18:43:07] [INFO] 
🎉 编辑任务完成!
[2026-01-12 18:43:07] [INFO]    新版本: v03

================================================================================
结束时间: 2026-01-12T18:43:07.173694
================================================================================
