================================================================================
任务ID: edit_f32d1178
开始时间: 2026-01-11T14:57:40.531625
================================================================================

[2026-01-11 14:57:40] [INFO] ============================================================
[2026-01-11 14:57:40] [INFO] 🎨 开始处理编辑任务: edit_f32d1178
[2026-01-11 14:57:40] [INFO]    用户ID: u1768114262301
[2026-01-11 14:57:40] [INFO]    海报ID: 01
[2026-01-11 14:57:40] [INFO]    编辑类型: partial
[2026-01-11 14:57:40] [INFO]    提示词: 改为新年快乐...
[2026-01-11 14:57:40] [INFO] ============================================================
[2026-01-11 14:57:40] [INFO] 
📁 阶段1: 准备输入文件
[2026-01-11 14:57:40] [INFO]    ✓ 源图片已保存
[2026-01-11 14:57:40] [INFO]    ✓ 原图已从 API URL 获取
[2026-01-11 14:57:40] [INFO]    ✓ 原图已保存
[2026-01-11 14:57:40] [INFO] 
🎨 阶段2: 调用AI生成图片
[2026-01-11 14:58:02] [INFO]    ✓ 图片已生成: /Users/plini/Documents/项目/17、电商广告生成/V0.13/data/outputs/u1768114262301/session_20260111145104_0tcv/01_v03.png
[2026-01-11 14:58:02] [INFO] 
💾 阶段3: 保存版本历史
[2026-01-11 14:58:02] [INFO]    ✓ 版本已保存: v03
[2026-01-11 14:58:02] [INFO] 
🎉 编辑任务完成!
[2026-01-11 14:58:02] [INFO]    新版本: v03

================================================================================
结束时间: 2026-01-11T14:58:02.752394
================================================================================
