================================================================================
任务ID: edit_ea3d040d
开始时间: 2026-01-12T13:10:56.931188
================================================================================

[2026-01-12 13:10:56] [INFO] ============================================================
[2026-01-12 13:10:56] [INFO] 🎨 开始处理编辑任务: edit_ea3d040d
[2026-01-12 13:10:56] [INFO]    用户ID: 2
[2026-01-12 13:10:56] [INFO]    海报ID: 02
[2026-01-12 13:10:56] [INFO]    编辑类型: partial
[2026-01-12 13:10:56] [INFO]    提示词: 圈出来的地方换成日语...
[2026-01-12 13:10:56] [INFO] ============================================================
[2026-01-12 13:10:56] [INFO] 
💰 积分处理: 需要冻结 4 积分
[2026-01-12 13:10:56] [INFO]    ✓ 积分已冻结: 4
[2026-01-12 13:10:56] [INFO] 
📁 阶段1: 准备输入文件
[2026-01-12 13:10:56] [INFO]    ✓ 源图片已保存
[2026-01-12 13:10:56] [INFO]    ✓ 原图已从 API URL 获取
[2026-01-12 13:10:56] [INFO]    ✓ 原图已保存
[2026-01-12 13:10:56] [INFO] 
🎨 阶段2: 调用AI生成图片
[2026-01-12 13:12:08] [INFO]    ✓ 图片已生成: /Users/plini/Documents/项目/17、电商广告生成/V0.13/data/outputs/2/session_20260112094446_gucq/02_v04.png
[2026-01-12 13:12:08] [INFO] 
💾 阶段3: 保存版本历史
[2026-01-12 13:12:08] [INFO]    ✓ 版本已保存: v04
[2026-01-12 13:12:08] [INFO]    💰 已扣除4积分
[2026-01-12 13:12:08] [INFO] 
🎉 编辑任务完成!
[2026-01-12 13:12:08] [INFO]    新版本: v04

================================================================================
结束时间: 2026-01-12T13:12:08.509943
================================================================================
