================================================================================
任务ID: edit_8212e82a
开始时间: 2026-01-16T13:09:12.351587
================================================================================

[2026-01-16 13:09:12] [INFO] ============================================================
[2026-01-16 13:09:12] [INFO] 🎨 开始处理编辑任务: edit_8212e82a
[2026-01-16 13:09:12] [INFO]    用户ID: 4
[2026-01-16 13:09:12] [INFO]    海报ID: 00
[2026-01-16 13:09:12] [INFO]    编辑类型: full
[2026-01-16 13:09:12] [INFO]    提示词: 改为黑色背景...
[2026-01-16 13:09:12] [INFO] ============================================================
[2026-01-16 13:09:12] [INFO] 
💰 积分处理: 需要冻结 4 积分
[2026-01-16 13:09:12] [INFO]    ✓ 积分已冻结: 4
[2026-01-16 13:09:12] [INFO]    ✓ 初始化版本历史: 00-prime.jpg
[2026-01-16 13:09:12] [INFO] 
📁 阶段1: 准备输入文件
[2026-01-16 13:09:12] [INFO]    ✓ 源图片已从 API URL 获取
[2026-01-16 13:09:12] [INFO]    ✓ 源图片已保存
[2026-01-16 13:09:12] [INFO] 
🎨 阶段2: 调用AI生成图片

================================================================================
结束时间: 2026-01-16T13:09:31.170679
================================================================================
