================================================================================
任务ID: edit_6bf031e5
开始时间: 2026-01-11T14:37:20.759118
================================================================================

[2026-01-11 14:37:20] [INFO] ============================================================
[2026-01-11 14:37:20] [INFO] 🎨 开始处理编辑任务: edit_6bf031e5
[2026-01-11 14:37:20] [INFO]    用户ID: test_1768113266544
[2026-01-11 14:37:20] [INFO]    海报ID: 00
[2026-01-11 14:37:20] [INFO]    编辑类型: partial
[2026-01-11 14:37:20] [INFO]    提示词: 这部分删除吧...
[2026-01-11 14:37:20] [INFO] ============================================================
[2026-01-11 14:37:20] [INFO] 
📁 阶段1: 准备输入文件
[2026-01-11 14:37:20] [INFO]    ✓ 源图片已保存
[2026-01-11 14:37:20] [INFO]    ✓ 原图已保存
[2026-01-11 14:37:20] [INFO] 
🎨 阶段2: 调用AI生成图片
[2026-01-11 14:37:42] [INFO]    ✓ 图片已生成: /Users/plini/Documents/项目/17、电商广告生成/V0.13/data/outputs/test_1768113266544/session_test/00_v02.png
[2026-01-11 14:37:42] [INFO] 
💾 阶段3: 保存版本历史
[2026-01-11 14:37:42] [INFO]    ✓ 版本已保存: v02
[2026-01-11 14:37:42] [INFO] 
🎉 编辑任务完成!
[2026-01-11 14:37:42] [INFO]    新版本: v02

================================================================================
结束时间: 2026-01-11T14:37:42.141690
================================================================================
