================================================================================
任务ID: edit_da6e895d
开始时间: 2026-01-11T14:40:27.277238
================================================================================

[2026-01-11 14:40:27] [INFO] ============================================================
[2026-01-11 14:40:27] [INFO] 🎨 开始处理编辑任务: edit_da6e895d
[2026-01-11 14:40:27] [INFO]    用户ID: test_1768113597217
[2026-01-11 14:40:27] [INFO]    海报ID: 00
[2026-01-11 14:40:27] [INFO]    编辑类型: full
[2026-01-11 14:40:27] [INFO]    提示词: 把主体改成这个hellokitty...
[2026-01-11 14:40:27] [INFO] ============================================================
[2026-01-11 14:40:27] [INFO] 
📁 阶段1: 准备输入文件
[2026-01-11 14:40:27] [INFO]    ✓ 源图片已保存
[2026-01-11 14:40:27] [INFO]    ✓ 参考图片已保存
[2026-01-11 14:40:27] [INFO] 
🎨 阶段2: 调用AI生成图片
[2026-01-11 14:40:57] [INFO]    ✓ 图片已生成: /Users/plini/Documents/项目/17、电商广告生成/V0.13/data/outputs/test_1768113597217/session_test/00_v01.png
[2026-01-11 14:40:57] [INFO] 
💾 阶段3: 保存版本历史
[2026-01-11 14:40:57] [INFO]    ✓ 版本已保存: v01
[2026-01-11 14:40:57] [INFO] 
🎉 编辑任务完成!
[2026-01-11 14:40:57] [INFO]    新版本: v01

================================================================================
结束时间: 2026-01-11T14:40:57.314187
================================================================================
